<?xml version="1.0" encoding="UTF-8"?>
<!-- Generated by org.testng.reporters.JUnitReportReporter -->
<testsuite hostname="LAPTOP-09M7L6ER" failures="0" tests="3" name="com.MavenFirstProject.DemoTest1" time="0.913" errors="0" timestamp="2020-12-24T18:46:28 IST" skipped="0">
  <testcase classname="com.MavenFirstProject.DemoTest1" name="logintest1" time="0.769"/>
  <system-out/>
  <testcase classname="com.MavenFirstProject.DemoTest1" name="logotest" time="0.042"/>
  <system-out/>
  <testcase classname="com.MavenFirstProject.DemoTest1" name="verifyCourses" time="0.102"/>
  <system-out/>
</testsuite> <!-- com.MavenFirstProject.DemoTest1 -->
