<?xml version="1.0" encoding="UTF-8"?>
<!-- Generated by org.testng.reporters.JUnitReportReporter -->
<testsuite hostname="LAPTOP-09M7L6ER" failures="0" tests="1" name="com.test.DemoTest" time="7.612" errors="0" timestamp="2020-12-21T20:31:12 IST" skipped="0">
  <testcase classname="com.test.DemoTest" name="loginTest" time="7.612"/>
  <system-out/>
</testsuite> <!-- com.test.DemoTest -->
