<?xml version="1.0" encoding="UTF-8"?>
<!-- Generated by org.testng.reporters.JUnitReportReporter -->
<testsuite hostname="LAPTOP-09M7L6ER" failures="0" tests="1" name="com.test.POI_Read" time="0.184" errors="0" timestamp="2020-12-12T09:17:23 IST" skipped="0">
  <testcase classname="com.test.POI_Read" name="test1" time="0.184"/>
  <system-out/>
</testsuite> <!-- com.test.POI_Read -->
