<?xml version="1.0" encoding="UTF-8"?>
<!-- Generated by org.testng.reporters.JUnitReportReporter -->
<testsuite hostname="LAPTOP-09M7L6ER" failures="0" tests="1" name="com.test.POI_read1" time="0.156" errors="0" timestamp="2020-12-14T18:44:54 IST" skipped="0">
  <testcase classname="com.test.POI_read1" name="openSheet" time="0.156"/>
  <system-out/>
</testsuite> <!-- com.test.POI_read1 -->
