<?xml version="1.0" encoding="UTF-8"?>
<!-- Generated by org.testng.reporters.JUnitReportReporter -->
<testsuite skipped="0" hostname="LAPTOP-09M7L6ER" name="com.test.DashboardTest" tests="1" failures="0" timestamp="2021-01-04T17:18:26 IST" time="14.054" errors="0">
  <testcase name="test1" time="14.054" classname="com.test.DashboardTest"/>
  <system-out/>
</testsuite> <!-- com.test.DashboardTest -->
