<?xml version="1.0" encoding="UTF-8"?>
<!-- Generated by org.testng.reporters.JUnitReportReporter -->
<testsuite skipped="0" hostname="LAPTOP-09M7L6ER" name="com.test.DemoTest" tests="1" failures="0" timestamp="08 Jan 2021 02:33:40 GMT" time="8.491" errors="0">
  <testcase name="loginTest" time="8.491" classname="com.test.DemoTest"/>
</testsuite> <!-- com.test.DemoTest -->
