<?xml version="1.0" encoding="UTF-8"?>
<!-- Generated by org.testng.reporters.JUnitReportReporter -->
<testsuite skipped="0" hostname="LAPTOP-09M7L6ER" name="com.test.DashboardTest" tests="1" failures="0" timestamp="08 Jan 2021 02:33:40 GMT" time="11.542" errors="0">
  <testcase name="test1" time="11.542" classname="com.test.DashboardTest"/>
</testsuite> <!-- com.test.DashboardTest -->
